<?xml version="1.0" encoding="UTF-8"?>
<!-- Generated by org.testng.reporters.JUnitXMLReporter -->
<testsuite hostname="HOME-PC" ignored="0" name="Default test" tests="3" failures="0" timestamp="02 Jun 2018 06:55:37 GMT" time="66.79" errors="0">
  <testcase name="homePageeTitleTest" time="0.088" classname="com.CRM2.homepage.HomePageTest"/>
  <testcase name="userNameDisplayedTest" time="0.468" classname="com.CRM2.homepage.HomePageTest"/>
  <testcase name="contactsLinkTest" time="0.619" classname="com.CRM2.homepage.HomePageTest"/>
</testsuite> <!-- Default test -->
