<?xml version="1.0" encoding="UTF-8"?>
<testng-results skipped="0" failed="0" ignored="0" total="6" passed="6">
  <reporter-output>
  </reporter-output>
  <suite name="CRM_2 Automation" duration-ms="113664" started-at="2018-06-02T07:19:40Z" finished-at="2018-06-02T07:21:33Z">
    <groups>
    </groups>
    <test name="Regression" duration-ms="113664" started-at="2018-06-02T07:19:40Z" finished-at="2018-06-02T07:21:33Z">
      <class name="com.CRM2.homepage.HomePageTest">
        <test-method status="PASS" signature="setUp()[pri:0, instance:com.CRM2.homepage.HomePageTest@1baeedf]" name="setUp" is-config="true" duration-ms="20409" started-at="2018-06-02T12:49:54Z" finished-at="2018-06-02T12:50:15Z">
          <reporter-output>
          </reporter-output>
        </test-method> <!-- setUp -->
        <test-method status="PASS" signature="homePageeTitleTest()[pri:1, instance:com.CRM2.homepage.HomePageTest@1baeedf]" name="homePageeTitleTest" duration-ms="59" started-at="2018-06-02T12:50:15Z" finished-at="2018-06-02T12:50:15Z">
          <reporter-output>
          </reporter-output>
        </test-method> <!-- homePageeTitleTest -->
        <test-method status="PASS" signature="tearDown()[pri:0, instance:com.CRM2.homepage.HomePageTest@1baeedf]" name="tearDown" is-config="true" duration-ms="2230" started-at="2018-06-02T12:50:15Z" finished-at="2018-06-02T12:50:17Z">
          <reporter-output>
          </reporter-output>
        </test-method> <!-- tearDown -->
        <test-method status="PASS" signature="setUp()[pri:0, instance:com.CRM2.homepage.HomePageTest@1baeedf]" name="setUp" is-config="true" duration-ms="20817" started-at="2018-06-02T12:50:29Z" finished-at="2018-06-02T12:50:50Z">
          <reporter-output>
          </reporter-output>
        </test-method> <!-- setUp -->
        <test-method status="PASS" signature="userNameDisplayedTest()[pri:2, instance:com.CRM2.homepage.HomePageTest@1baeedf]" name="userNameDisplayedTest" duration-ms="295" started-at="2018-06-02T12:50:50Z" finished-at="2018-06-02T12:50:51Z">
          <reporter-output>
          </reporter-output>
        </test-method> <!-- userNameDisplayedTest -->
        <test-method status="PASS" signature="tearDown()[pri:0, instance:com.CRM2.homepage.HomePageTest@1baeedf]" name="tearDown" is-config="true" duration-ms="336" started-at="2018-06-02T12:50:51Z" finished-at="2018-06-02T12:50:51Z">
          <reporter-output>
          </reporter-output>
        </test-method> <!-- tearDown -->
        <test-method status="PASS" signature="setUp()[pri:0, instance:com.CRM2.homepage.HomePageTest@1baeedf]" name="setUp" is-config="true" duration-ms="20764" started-at="2018-06-02T12:51:12Z" finished-at="2018-06-02T12:51:33Z">
          <reporter-output>
          </reporter-output>
        </test-method> <!-- setUp -->
        <test-method status="PASS" signature="contactsLinkTest()[pri:3, instance:com.CRM2.homepage.HomePageTest@1baeedf]" name="contactsLinkTest" duration-ms="385" started-at="2018-06-02T12:51:33Z" finished-at="2018-06-02T12:51:33Z">
          <reporter-output>
          </reporter-output>
        </test-method> <!-- contactsLinkTest -->
        <test-method status="PASS" signature="tearDown()[pri:0, instance:com.CRM2.homepage.HomePageTest@1baeedf]" name="tearDown" is-config="true" duration-ms="409" started-at="2018-06-02T12:51:33Z" finished-at="2018-06-02T12:51:33Z">
          <reporter-output>
          </reporter-output>
        </test-method> <!-- tearDown -->
      </class> <!-- com.CRM2.homepage.HomePageTest -->
      <class name="com.CRM2.loginpage.LoginPageTest">
        <test-method status="PASS" signature="setUp()[pri:0, instance:com.CRM2.loginpage.LoginPageTest@e26948]" name="setUp" is-config="true" duration-ms="11571" started-at="2018-06-02T12:49:40Z" finished-at="2018-06-02T12:49:51Z">
          <reporter-output>
          </reporter-output>
        </test-method> <!-- setUp -->
        <test-method status="PASS" signature="loginPageTitleTest()[pri:1, instance:com.CRM2.loginpage.LoginPageTest@e26948]" name="loginPageTitleTest" duration-ms="535" started-at="2018-06-02T12:49:51Z" finished-at="2018-06-02T12:49:52Z">
          <reporter-output>
          </reporter-output>
        </test-method> <!-- loginPageTitleTest -->
        <test-method status="PASS" signature="tearDown()[pri:0, instance:com.CRM2.loginpage.LoginPageTest@e26948]" name="tearDown" is-config="true" duration-ms="2321" started-at="2018-06-02T12:49:52Z" finished-at="2018-06-02T12:49:54Z">
          <reporter-output>
          </reporter-output>
        </test-method> <!-- tearDown -->
        <test-method status="PASS" signature="setUp()[pri:0, instance:com.CRM2.loginpage.LoginPageTest@e26948]" name="setUp" is-config="true" duration-ms="9885" started-at="2018-06-02T12:50:17Z" finished-at="2018-06-02T12:50:27Z">
          <reporter-output>
          </reporter-output>
        </test-method> <!-- setUp -->
        <test-method status="PASS" signature="crmLogoTest()[pri:2, instance:com.CRM2.loginpage.LoginPageTest@e26948]" name="crmLogoTest" duration-ms="420" started-at="2018-06-02T12:50:27Z" finished-at="2018-06-02T12:50:27Z">
          <reporter-output>
          </reporter-output>
        </test-method> <!-- crmLogoTest -->
        <test-method status="PASS" signature="tearDown()[pri:0, instance:com.CRM2.loginpage.LoginPageTest@e26948]" name="tearDown" is-config="true" duration-ms="2197" started-at="2018-06-02T12:50:27Z" finished-at="2018-06-02T12:50:29Z">
          <reporter-output>
          </reporter-output>
        </test-method> <!-- tearDown -->
        <test-method status="PASS" signature="setUp()[pri:0, instance:com.CRM2.loginpage.LoginPageTest@e26948]" name="setUp" is-config="true" duration-ms="10840" started-at="2018-06-02T12:50:51Z" finished-at="2018-06-02T12:51:02Z">
          <reporter-output>
          </reporter-output>
        </test-method> <!-- setUp -->
        <test-method status="PASS" signature="loginTest()[pri:3, instance:com.CRM2.loginpage.LoginPageTest@e26948]" name="loginTest" duration-ms="8002" started-at="2018-06-02T12:51:02Z" finished-at="2018-06-02T12:51:10Z">
          <reporter-output>
          </reporter-output>
        </test-method> <!-- loginTest -->
        <test-method status="PASS" signature="tearDown()[pri:0, instance:com.CRM2.loginpage.LoginPageTest@e26948]" name="tearDown" is-config="true" duration-ms="2138" started-at="2018-06-02T12:51:10Z" finished-at="2018-06-02T12:51:12Z">
          <reporter-output>
          </reporter-output>
        </test-method> <!-- tearDown -->
      </class> <!-- com.CRM2.loginpage.LoginPageTest -->
    </test> <!-- Regression -->
  </suite> <!-- CRM_2 Automation -->
</testng-results>
