<?xml version="1.0" encoding="UTF-8"?>
<!-- Generated by org.testng.reporters.JUnitXMLReporter -->
<testsuite hostname="HOME-PC" ignored="0" name="Regression" tests="6" failures="0" timestamp="02 Jun 2018 07:21:33 GMT" time="113.664" errors="0">
  <testcase name="loginPageTitleTest" time="0.535" classname="com.CRM2.loginpage.LoginPageTest"/>
  <testcase name="homePageeTitleTest" time="0.059" classname="com.CRM2.homepage.HomePageTest"/>
  <testcase name="crmLogoTest" time="0.42" classname="com.CRM2.loginpage.LoginPageTest"/>
  <testcase name="userNameDisplayedTest" time="0.295" classname="com.CRM2.homepage.HomePageTest"/>
  <testcase name="loginTest" time="8.002" classname="com.CRM2.loginpage.LoginPageTest"/>
  <testcase name="contactsLinkTest" time="0.385" classname="com.CRM2.homepage.HomePageTest"/>
</testsuite> <!-- Regression -->
